[0m20:56:55.393069 [debug] [MainThread]: Sending event: {'category': 'dbt', 'action': 'invocation', 'label': 'start', 'context': [<snowplow_tracker.self_describing_json.SelfDescribingJson object at 0x110ef29d0>, <snowplow_tracker.self_describing_json.SelfDescribingJson object at 0x110f73890>, <snowplow_tracker.self_describing_json.SelfDescribingJson object at 0x110f73f90>]}


============================== 20:56:55.395520 | 1887593b-1c54-4270-b137-e0aeb56743e3 ==============================
[0m20:56:55.395520 [info ] [MainThread]: Running with dbt=1.11.11
[0m20:56:55.395828 [debug] [MainThread]: running dbt with arguments {'empty': 'None', 'use_colors': 'True', 'quiet': 'False', 'introspect': 'True', 'partial_parse': 'True', 'version_check': 'True', 'no_print': 'None', 'log_path': 'logs', 'cache_selected_only': 'False', 'fail_fast': 'False', 'log_format': 'default', 'warn_error_options': 'WarnErrorOptionsV2(error=[], warn=[], silence=[])', 'warn_error': 'None', 'write_json': 'True', 'invocation_command': 'dbt init oil_gas_dbt', 'log_cache_events': 'False', 'use_experimental_parser': 'False', 'printer_width': '80', 'indirect_selection': 'eager', 'send_anonymous_usage_stats': 'True', 'static_parser': 'True', 'debug': 'False', 'target_path': 'None', 'profiles_dir': '/Users/florenciazoffi/.dbt'}
[0m20:56:55.405940 [info ] [MainThread]: Creating dbt configuration folder at /Users/florenciazoffi/.dbt
[0m20:56:55.406960 [debug] [MainThread]: Starter project path: /Users/florenciazoffi/miniforge3/envs/dbt-env/lib/python3.11/site-packages/dbt/include/starter_project
[0m20:56:55.411650 [info ] [MainThread]: 
Your new dbt project "oil_gas_dbt" was created!

For more information on how to configure the profiles.yml file,
please consult the dbt documentation here:

  https://docs.getdbt.com/docs/configure-your-profile

One more thing:

Need help? Don't hesitate to reach out to us via GitHub issues or on Slack:

  https://community.getdbt.com/

Happy modeling!

[0m20:56:55.411888 [info ] [MainThread]: Setting up your profile.
[0m20:58:20.828231 [info ] [MainThread]: Profile oil_gas_dbt written to /Users/florenciazoffi/.dbt/profiles.yml using target's profile_template.yml and your supplied values. Run 'dbt debug' to validate the connection.
[0m20:58:21.175038 [debug] [MainThread]: Resource report: {"command_name": "init", "command_success": true, "command_wall_clock_time": 85.82865, "process_in_blocks": "0", "process_kernel_time": 0.242623, "process_mem_max_rss": "123617280", "process_out_blocks": "0", "process_user_time": 0.82375}
[0m20:58:21.176542 [debug] [MainThread]: Command `dbt init` succeeded at 20:58:21.176253 after 85.83 seconds
[0m20:58:21.177408 [debug] [MainThread]: Sending event: {'category': 'dbt', 'action': 'invocation', 'label': 'end', 'context': [<snowplow_tracker.self_describing_json.SelfDescribingJson object at 0x1008fe250>, <snowplow_tracker.self_describing_json.SelfDescribingJson object at 0x110b7f650>, <snowplow_tracker.self_describing_json.SelfDescribingJson object at 0x110ef3810>]}
[0m20:58:21.178027 [debug] [MainThread]: Flushing usage events
[0m20:58:22.121872 [debug] [MainThread]: An error was encountered while trying to flush usage events
